# JRE version: OpenJDK Runtime Environment (8.0_242-b01) (build 1.8.0_242-release-1644-b01)
# Java VM: OpenJDK 64-Bit Server VM (25.242-b01 mixed mode windows-amd64 compressed oops)
Heap:
 PSYoungGen      total 111104K, used 34030K [0x00000000d5580000, 0x00000000e0580000, 0x0000000100000000)
  eden space 99328K, 34% used [0x00000000d5580000,0x00000000d76bba58,0x00000000db680000)
  from space 11776K, 0% used [0x00000000db680000,0x00000000db680000,0x00000000dc200000)
  to   space 12288K, 0% used [0x00000000df980000,0x00000000df980000,0x00000000e0580000)
 ParOldGen       total 58880K, used 14058K [0x0000000080000000, 0x0000000083980000, 0x00000000d5580000)
  object space 58880K, 23% used [0x0000000080000000,0x0000000080dba918,0x0000000083980000)
 Metaspace       used 35752K, capacity 36894K, committed 37040K, reserved 1081344K
  class space    used 4911K, capacity 5220K, committed 5296K, reserved 1048576K
GC Heap History (10 events):
Event: 20.507 GC heap before
{Heap before GC invocations=9 (full 1):
 PSYoungGen      total 43008K, used 31744K [0x00000000d5580000, 0x00000000da980000, 0x0000000100000000)
  eden space 31744K, 100% used [0x00000000d5580000,0x00000000d7480000,0x00000000d7480000)
  from space 11264K, 0% used [0x00000000d7480000,0x00000000d7480000,0x00000000d7f80000)
  to   space 11264K, 0% used [0x00000000d9e80000,0x00000000d9e80000,0x00000000da980000)
 ParOldGen       total 45568K, used 6910K [0x0000000080000000, 0x0000000082c80000, 0x00000000d5580000)
  object space 45568K, 15% used [0x0000000080000000,0x00000000806bf968,0x0000000082c80000)
 Metaspace       used 22771K, capacity 23442K, committed 23728K, reserved 1069056K
  class space    used 3239K, capacity 3483K, committed 3504K, reserved 1048576K
Event: 20.511 GC heap after
Heap after GC invocations=9 (full 1):
 PSYoungGen      total 73728K, used 2791K [0x00000000d5580000, 0x00000000da900000, 0x0000000100000000)
  eden space 62976K, 0% used [0x00000000d5580000,0x00000000d5580000,0x00000000d9300000)
  from space 10752K, 25% used [0x00000000d9e80000,0x00000000da139c80,0x00000000da900000)
  to   space 11264K, 0% used [0x00000000d9300000,0x00000000d9300000,0x00000000d9e00000)
 ParOldGen       total 45568K, used 6918K [0x0000000080000000, 0x0000000082c80000, 0x00000000d5580000)
  object space 45568K, 15% used [0x0000000080000000,0x00000000806c1968,0x0000000082c80000)
 Metaspace       used 22771K, capacity 23442K, committed 23728K, reserved 1069056K
  class space    used 3239K, capacity 3483K, committed 3504K, reserved 1048576K
}
Event: 30.787 GC heap before
{Heap before GC invocations=10 (full 1):
 PSYoungGen      total 73728K, used 65767K [0x00000000d5580000, 0x00000000da900000, 0x0000000100000000)
  eden space 62976K, 100% used [0x00000000d5580000,0x00000000d9300000,0x00000000d9300000)
  from space 10752K, 25% used [0x00000000d9e80000,0x00000000da139c80,0x00000000da900000)
  to   space 11264K, 0% used [0x00000000d9300000,0x00000000d9300000,0x00000000d9e00000)
 ParOldGen       total 45568K, used 6918K [0x0000000080000000, 0x0000000082c80000, 0x00000000d5580000)
  object space 45568K, 15% used [0x0000000080000000,0x00000000806c1968,0x0000000082c80000)
 Metaspace       used 30849K, capacity 31512K, committed 31920K, reserved 1077248K
  class space    used 4190K, capacity 4403K, committed 4528K, reserved 1048576K
Event: 30.801 GC heap after
Heap after GC invocations=10 (full 1):
 PSYoungGen      total 74240K, used 8709K [0x00000000d5580000, 0x00000000dce00000, 0x0000000100000000)
  eden space 62976K, 0% used [0x00000000d5580000,0x00000000d5580000,0x00000000d9300000)
  from space 11264K, 77% used [0x00000000d9300000,0x00000000d9b81678,0x00000000d9e00000)
  to   space 11776K, 0% used [0x00000000dc280000,0x00000000dc280000,0x00000000dce00000)
 ParOldGen       total 45568K, used 6926K [0x0000000080000000, 0x0000000082c80000, 0x00000000d5580000)
  object space 45568K, 15% used [0x0000000080000000,0x00000000806c3968,0x0000000082c80000)
 Metaspace       used 30849K, capacity 31512K, committed 31920K, reserved 1077248K
  class space    used 4190K, capacity 4403K, committed 4528K, reserved 1048576K
}
Event: 34.330 GC heap before
{Heap before GC invocations=11 (full 1):
 PSYoungGen      total 74240K, used 71685K [0x00000000d5580000, 0x00000000dce00000, 0x0000000100000000)
  eden space 62976K, 100% used [0x00000000d5580000,0x00000000d9300000,0x00000000d9300000)
  from space 11264K, 77% used [0x00000000d9300000,0x00000000d9b81678,0x00000000d9e00000)
  to   space 11776K, 0% used [0x00000000dc280000,0x00000000dc280000,0x00000000dce00000)
 ParOldGen       total 45568K, used 6926K [0x0000000080000000, 0x0000000082c80000, 0x00000000d5580000)
  object space 45568K, 15% used [0x0000000080000000,0x00000000806c3968,0x0000000082c80000)
 Metaspace       used 33578K, capacity 34412K, committed 34608K, reserved 1079296K
  class space    used 4612K, capacity 4843K, committed 4912K, reserved 1048576K
Event: 34.351 GC heap after
Heap after GC invocations=11 (full 1):
 PSYoungGen      total 110592K, used 8079K [0x00000000d5580000, 0x00000000dcd80000, 0x0000000100000000)
  eden space 99328K, 0% used [0x00000000d5580000,0x00000000d5580000,0x00000000db680000)
  from space 11264K, 71% used [0x00000000dc280000,0x00000000dca63f88,0x00000000dcd80000)
  to   space 11776K, 0% used [0x00000000db680000,0x00000000db680000,0x00000000dc200000)
 ParOldGen       total 45568K, used 7573K [0x0000000080000000, 0x0000000082c80000, 0x00000000d5580000)
  object space 45568K, 16% used [0x0000000080000000,0x00000000807654a8,0x0000000082c80000)
 Metaspace       used 33578K, capacity 34412K, committed 34608K, reserved 1079296K
  class space    used 4612K, capacity 4843K, committed 4912K, reserved 1048576K
}
Event: 35.020 GC heap before
{Heap before GC invocations=12 (full 1):
 PSYoungGen      total 110592K, used 26765K [0x00000000d5580000, 0x00000000dcd80000, 0x0000000100000000)
  eden space 99328K, 18% used [0x00000000d5580000,0x00000000d67bf668,0x00000000db680000)
  from space 11264K, 71% used [0x00000000dc280000,0x00000000dca63f88,0x00000000dcd80000)
  to   space 11776K, 0% used [0x00000000db680000,0x00000000db680000,0x00000000dc200000)
 ParOldGen       total 45568K, used 7573K [0x0000000080000000, 0x0000000082c80000, 0x00000000d5580000)
  object space 45568K, 16% used [0x0000000080000000,0x00000000807654a8,0x0000000082c80000)
 Metaspace       used 34586K, capacity 35442K, committed 35496K, reserved 1079296K
  class space    used 4746K, capacity 5006K, committed 5040K, reserved 1048576K
Event: 35.029 GC heap after
Heap after GC invocations=12 (full 1):
 PSYoungGen      total 111104K, used 1282K [0x00000000d5580000, 0x00000000e0580000, 0x0000000100000000)
  eden space 99328K, 0% used [0x00000000d5580000,0x00000000d5580000,0x00000000db680000)
  from space 11776K, 10% used [0x00000000db680000,0x00000000db7c0b68,0x00000000dc200000)
  to   space 12288K, 0% used [0x00000000df980000,0x00000000df980000,0x00000000e0580000)
 ParOldGen       total 45568K, used 13053K [0x0000000080000000, 0x0000000082c80000, 0x00000000d5580000)
  object space 45568K, 28% used [0x0000000080000000,0x0000000080cbf4f8,0x0000000082c80000)
 Metaspace       used 34586K, capacity 35442K, committed 35496K, reserved 1079296K
  class space    used 4746K, capacity 5006K, committed 5040K, reserved 1048576K
}
Event: 35.029 GC heap before
{Heap before GC invocations=13 (full 2):
 PSYoungGen      total 111104K, used 1282K [0x00000000d5580000, 0x00000000e0580000, 0x0000000100000000)
  eden space 99328K, 0% used [0x00000000d5580000,0x00000000d5580000,0x00000000db680000)
  from space 11776K, 10% used [0x00000000db680000,0x00000000db7c0b68,0x00000000dc200000)
  to   space 12288K, 0% used [0x00000000df980000,0x00000000df980000,0x00000000e0580000)
 ParOldGen       total 45568K, used 13053K [0x0000000080000000, 0x0000000082c80000, 0x00000000d5580000)
  object space 45568K, 28% used [0x0000000080000000,0x0000000080cbf4f8,0x0000000082c80000)
 Metaspace       used 34586K, capacity 35442K, committed 35496K, reserved 1079296K
  class space    used 4746K, capacity 5006K, committed 5040K, reserved 1048576K
Event: 35.336 GC heap after
Heap after GC invocations=13 (full 2):
 PSYoungGen      total 111104K, used 0K [0x00000000d5580000, 0x00000000e0580000, 0x0000000100000000)
  eden space 99328K, 0% used [0x00000000d5580000,0x00000000d5580000,0x00000000db680000)
  from space 11776K, 0% used [0x00000000db680000,0x00000000db680000,0x00000000dc200000)
  to   space 12288K, 0% used [0x00000000df980000,0x00000000df980000,0x00000000e0580000)
 ParOldGen       total 58880K, used 14058K [0x0000000080000000, 0x0000000083980000, 0x00000000d5580000)
  object space 58880K, 23% used [0x0000000080000000,0x0000000080dba918,0x0000000083980000)
 Metaspace       used 34586K, capacity 35442K, committed 35496K, reserved 1079296K
  class space    used 4746K, capacity 5006K, committed 5040K, reserved 1048576K
}

